#
# There is insufficient memory for the Java Runtime Environment to continue.
# Native memory allocation (mmap) failed to map 58720256 bytes. Error detail: G1 virtual space
# Possible reasons:
#   The system is out of physical RAM or swap space
#   This process is running with CompressedOops enabled, and the Java Heap may be blocking the growth of the native heap
# Possible solutions:
#   Reduce memory load on the system
#   Increase physical memory or swap space
#   Check if swap backing store is full
#   Decrease Java heap size (-Xmx/-Xms)
#   Decrease number of Java threads
#   Decrease Java thread stack sizes (-Xss)
#   Set larger code cache with -XX:ReservedCodeCacheSize=
#   JVM is running with Unscaled Compressed Oops mode in which the Java heap is
#     placed in the first 4GB address space. The Java Heap base address is the
#     maximum limit for the native heap growth. Please use -XX:HeapBaseMinAddress
#     to set the Java Heap base and to place the Java Heap above 4GB virtual address.
# This output file may be truncated or incomplete.
#
#  Out of Memory Error (os_windows.cpp:3564), pid=3036, tid=20612
#
# JRE version:  (24.0.1+9) (build )
# Java VM: Java HotSpot(TM) 64-Bit Server VM (24.0.1+9-30, mixed mode, sharing, tiered, compressed oops, compressed class ptrs, g1 gc, windows-amd64)
# No core dump will be written. Minidumps are not enabled by default on client versions of Windows
#

---------------  S U M M A R Y ------------

Command Line: 

Host: AMD Ryzen 3 3250U with Radeon Graphics         , 4 cores, 3G,  Windows 11 , 64 bit Build 26100 (10.0.26100.8521)
Time: Sun Jun 21 02:36:25 2026 SE Asia Standard Time elapsed time: 0.735771 seconds (0d 0h 0m 0s)

---------------  T H R E A D  ---------------

Current thread (0x000001fc2fa6eb50):  JavaThread "Unknown thread" [_thread_in_vm, id=20612, stack(0x0000001030a00000,0x0000001030b00000) (1024K)]

Stack: [0x0000001030a00000,0x0000001030b00000]
Native frames: (J=compiled Java code, j=interpreted, Vv=VM code, C=native code)
V  [jvm.dll+0x730739]  (no source info available)
V  [jvm.dll+0x8d9b23]  (no source info available)
V  [jvm.dll+0x8dc00d]  (no source info available)
V  [jvm.dll+0x8dc683]  (no source info available)
V  [jvm.dll+0x2aa086]  (no source info available)
V  [jvm.dll+0x72cc65]  (no source info available)
V  [jvm.dll+0x72059a]  (no source info available)
V  [jvm.dll+0x390cea]  (no source info available)
V  [jvm.dll+0x3989f6]  (no source info available)
V  [jvm.dll+0x38523e]  (no source info available)
V  [jvm.dll+0x3854f8]  (no source info available)
V  [jvm.dll+0x35d0cc]  (no source info available)
V  [jvm.dll+0x35dd8d]  (no source info available)
V  [jvm.dll+0x89d28f]  (no source info available)
V  [jvm.dll+0x3f985d]  (no source info available)
V  [jvm.dll+0x8858e6]  (no source info available)
V  [jvm.dll+0x495f3e]  (no source info available)
V  [jvm.dll+0x497d11]  (no source info available)
C  [jli.dll+0x52a1]  (no source info available)
C  [ucrtbase.dll+0x2cd30]  (no source info available)
C  [KERNEL32.DLL+0x2e957]  (no source info available)
C  [ntdll.dll+0x87c1c]  (no source info available)

Lock stack of current Java thread (top to bottom):


---------------  P R O C E S S  ---------------

Threads class SMR info:
_java_thread_list=0x00007ff80549f318, length=0, elements={
}

Java Threads: ( => current thread )
Total: 0

Other Threads:
  0x000001fc31d2d7f0 WorkerThread "GC Thread#0"                     [id=16996, stack(0x0000001030b00000,0x0000001030c00000) (1024K)]
  0x000001fc31d37e80 ConcurrentGCThread "G1 Main Marker"            [id=2404, stack(0x0000001030c00000,0x0000001030d00000) (1024K)]
  0x000001fc31d3a020 WorkerThread "G1 Conc#0"                       [id=20944, stack(0x0000001030d00000,0x0000001030e00000) (1024K)]

[error occurred during error reporting (printing all threads), id 0xc0000005, EXCEPTION_ACCESS_VIOLATION (0xc0000005) at pc=0x00007ff804bd14ea]
VM state: not at safepoint (not fully initialized)

VM Mutex/Monitor currently owned by a thread:  ([mutex/lock_event])
[0x00007ff8055245b0] Heap_lock - owner thread: 0x000001fc2fa6eb50

Heap address: 0x00000000c9e00000, size: 866 MB, Compressed Oops mode: 32-bit

CDS archive(s) mapped at: [0x0000000000000000-0x0000000000000000-0x0000000000000000), size 0, SharedBaseAddress: 0x0000000800000000, ArchiveRelocationMode: 1.
UseCompressedClassPointers 1, UseCompactObjectHeaders 0
Narrow klass pointer bits 32, Max shift 3
Narrow klass base: 0xffffffffffffffff, Narrow klass shift: -1
Encoding Range: [0xffffffffffffffff - 0x000000007fffffff), (2147483648 bytes)
Klass Range:    [0x0000000000000000 - 0x0000000000000000), (0 bytes)
Klass ID Range:  [4294967295 - 0) (1)

GC Precious Log:
 CardTable entry size: 512
 Card Set container configuration: InlinePtr #cards 5 size 8 Array Of Cards #cards 10 size 36 Howl #buckets 4 coarsen threshold 1843 Howl Bitmap #cards 512 size 80 coarsen threshold 460 Card regions per heap region 1 cards per card region 2048

Heap:
 garbage-first heap   total reserved 886784K, committed 0K, used 0K [0x00000000c9e00000, 0x0000000100000000)
  region size 1024K, 0 young (0K), 0 survivors (0K)

[error occurred during error reporting (printing heap information), id 0xc0000005, EXCEPTION_ACCESS_VIOLATION (0xc0000005) at pc=0x00007ff804fee3e9]
GC Heap History (0 events):
No events

Dll operation events (1 events):
Event: 0.146 Loaded shared library C:\Program Files\Java\jdk-24\bin\java.dll

Deoptimization events (0 events):
No events

Classes loaded (0 events):
No events

Classes unloaded (0 events):
No events

Classes redefined (0 events):
No events

Internal exceptions (0 events):
No events

VM Operations (0 events):
No events

Memory protections (0 events):
No events

Nmethod flushes (0 events):
No events

Events (0 events):
No events


Dynamic libraries:
0x00007ff636c80000 - 0x00007ff636c90000 	C:\Program Files\Java\jdk-24\bin\java.exe
0x00007ff8a2140000 - 0x00007ff8a23a6000 	C:\WINDOWS\SYSTEM32\ntdll.dll
0x00007ff8a0ff0000 - 0x00007ff8a10b9000 	C:\WINDOWS\System32\KERNEL32.DLL
0x00007ff89f550000 - 0x00007ff89f94a000 	C:\WINDOWS\System32\KERNELBASE.dll
0x00007ff89f950000 - 0x00007ff89fa9c000 	C:\WINDOWS\System32\ucrtbase.dll
0x00007ff88d320000 - 0x00007ff88d33b000 	C:\Program Files\Java\jdk-24\bin\VCRUNTIME140.dll
0x00007ff88d300000 - 0x00007ff88d316000 	C:\Program Files\Java\jdk-24\bin\jli.dll
0x00007ff8a0cb0000 - 0x00007ff8a0e77000 	C:\WINDOWS\System32\USER32.dll
0x00007ff89f520000 - 0x00007ff89f547000 	C:\WINDOWS\System32\win32u.dll
0x00007ff8a0f80000 - 0x00007ff8a0fab000 	C:\WINDOWS\System32\GDI32.dll
0x00007ff89fd80000 - 0x00007ff89feab000 	C:\WINDOWS\System32\gdi32full.dll
0x00007ff89fb50000 - 0x00007ff89fbf3000 	C:\WINDOWS\System32\msvcp_win.dll
0x00007ff88f220000 - 0x00007ff88f4b2000 	C:\WINDOWS\WinSxS\amd64_microsoft.windows.common-controls_6595b64144ccf1df_6.0.26100.8521_none_3e08b75ce33403b3\COMCTL32.dll
0x00007ff8a1550000 - 0x00007ff8a15f9000 	C:\WINDOWS\System32\msvcrt.dll
0x00007ff8a0fb0000 - 0x00007ff8a0fe2000 	C:\WINDOWS\System32\IMM32.DLL
0x00007ff896810000 - 0x00007ff89681c000 	C:\Program Files\Java\jdk-24\bin\vcruntime140_1.dll
0x00007ff86cfa0000 - 0x00007ff86d02e000 	C:\Program Files\Java\jdk-24\bin\msvcp140.dll
0x00007ff804860000 - 0x00007ff805602000 	C:\Program Files\Java\jdk-24\bin\server\jvm.dll
0x00007ff89fec0000 - 0x00007ff89ff76000 	C:\WINDOWS\System32\ADVAPI32.dll
0x00007ff8a0ed0000 - 0x00007ff8a0f7a000 	C:\WINDOWS\System32\sechost.dll
0x00007ff8a0560000 - 0x00007ff8a0678000 	C:\WINDOWS\System32\RPCRT4.dll
0x00007ff8a0680000 - 0x00007ff8a0700000 	C:\WINDOWS\System32\WS2_32.dll
0x00007ff89f230000 - 0x00007ff89f28e000 	C:\WINDOWS\SYSTEM32\POWRPROF.dll
0x00007ff898c70000 - 0x00007ff898ca6000 	C:\WINDOWS\SYSTEM32\WINMM.dll
0x00007ff898cb0000 - 0x00007ff898cbb000 	C:\WINDOWS\SYSTEM32\VERSION.dll
0x00007ff89f210000 - 0x00007ff89f224000 	C:\WINDOWS\SYSTEM32\UMPDC.dll
0x00007ff89e160000 - 0x00007ff89e17b000 	C:\WINDOWS\SYSTEM32\kernel.appcore.dll
0x00007ff88eee0000 - 0x00007ff88eeea000 	C:\Program Files\Java\jdk-24\bin\jimage.dll
0x00007ff89cb80000 - 0x00007ff89cdc2000 	C:\WINDOWS\SYSTEM32\DBGHELP.DLL
0x00007ff8a1140000 - 0x00007ff8a14c3000 	C:\WINDOWS\System32\combase.dll
0x00007ff8a0a30000 - 0x00007ff8a0b09000 	C:\WINDOWS\System32\OLEAUT32.dll
0x00007ff875170000 - 0x00007ff8751ab000 	C:\WINDOWS\SYSTEM32\dbgcore.DLL
0x00007ff89faa0000 - 0x00007ff89fb48000 	C:\WINDOWS\System32\bcryptPrimitives.dll
0x00007ff88d240000 - 0x00007ff88d25e000 	C:\Program Files\Java\jdk-24\bin\java.dll
0x00007ff8a0b10000 - 0x00007ff8a0ca8000 	C:\WINDOWS\System32\ole32.dll
0x00007ff8a1970000 - 0x00007ff8a20f4000 	C:\WINDOWS\System32\SHELL32.dll

JVMTI agents: none

dbghelp: loaded successfully - version: 4.0.5 - missing functions: none
symbol engine: initialized successfully - sym options: 0x614 - pdb path: .;C:\Program Files\Java\jdk-24\bin;C:\WINDOWS\SYSTEM32;C:\WINDOWS\WinSxS\amd64_microsoft.windows.common-controls_6595b64144ccf1df_6.0.26100.8521_none_3e08b75ce33403b3;C:\Program Files\Java\jdk-24\bin\server

VM Arguments:
java_command: <unknown>
java_class_path (initial): <not set>
Launcher Type: SUN_STANDARD

[Global flags]
     intx CICompilerCount                          = 3                                         {product} {ergonomic}
     uint ConcGCThreads                            = 1                                         {product} {ergonomic}
     uint G1ConcRefinementThreads                  = 4                                         {product} {ergonomic}
   size_t G1HeapRegionSize                         = 1048576                                   {product} {ergonomic}
   size_t InitialHeapSize                          = 58720256                                  {product} {ergonomic}
   size_t MarkStackSize                            = 4194304                                   {product} {ergonomic}
   size_t MarkStackSizeMax                         = 536870912                                 {product} {ergonomic}
   size_t MaxHeapSize                              = 908066816                                 {product} {ergonomic}
   size_t MinHeapDeltaBytes                        = 1048576                                   {product} {ergonomic}
   size_t MinHeapSize                              = 8388608                                   {product} {ergonomic}
    uintx NonNMethodCodeHeapSize                   = 5832704                                {pd product} {ergonomic}
    uintx NonProfiledCodeHeapSize                  = 122945536                              {pd product} {ergonomic}
    uintx ProfiledCodeHeapSize                     = 122880000                              {pd product} {ergonomic}
    uintx ReservedCodeCacheSize                    = 251658240                              {pd product} {ergonomic}
     bool SegmentedCodeCache                       = true                                      {product} {ergonomic}
   size_t SoftMaxHeapSize                          = 908066816                              {manageable} {ergonomic}
     bool UseCompressedOops                        = true                           {product lp64_product} {ergonomic}
     bool UseG1GC                                  = true                                      {product} {ergonomic}
     bool UseLargePagesIndividualAllocation        = false                                  {pd product} {ergonomic}

Logging:
Log output configuration:
 #0: stdout all=warning uptime,level,tags foldmultilines=false
 #1: stderr all=off uptime,level,tags foldmultilines=false

Environment Variables:
PATH=C:\Program Files\Common Files\Oracle\Java\javapath;C:\WINDOWS\system32;C:\WINDOWS;C:\WINDOWS\System32\Wbem;C:\WINDOWS\System32\WindowsPowerShell\v1.0\;C:\WINDOWS\System32\OpenSSH\;C:\Program Files\Git\cmd;C:\Program Files\dotnet\;C:\Program Files\Java\jdk-24\bin;C:\Program Files\nodejs\;C:\Users\wahyu\AppData\Local\Programs\Python\Launcher\;C:\Program Files\MySQL\MySQL Shell 8.0\bin\;C:\Users\wahyu\AppData\Local\Microsoft\WindowsApps;C:\Users\wahyu\AppData\Local\Programs\Microsoft VS Code\bin;C:\Users\wahyu\AppData\Roaming\npm
USERNAME=wahyu
OS=Windows_NT
PROCESSOR_IDENTIFIER=AMD64 Family 23 Model 24 Stepping 1, AuthenticAMD
TMP=C:\Users\wahyu\AppData\Local\Temp
TEMP=C:\Users\wahyu\AppData\Local\Temp




Periodic native trim disabled

---------------  S Y S T E M  ---------------

OS:
 Windows 11 , 64 bit Build 26100 (10.0.26100.8521)
OS uptime: 0 days 6:06 hours
Hyper-V role detected

CPU: total 4 (initial active 4) (4 cores per cpu, 2 threads per core) family 23 model 24 stepping 1 microcode 0x8108109, cx8, cmov, fxsr, ht, mmx, 3dnowpref, sse, sse2, sse3, ssse3, sse4a, sse4.1, sse4.2, popcnt, lzcnt, tsc, tscinvbit, avx, avx2, aes, clmul, bmi1, bmi2, adx, sha, fma, vzeroupper, clflush, clflushopt, hv, rdtscp, f16c
Processor Information for the first 4 processors :
  Max Mhz: 2600, Current Mhz: 2600, Mhz Limit: 2600

Memory: 4k page, system-wide physical 3460M (294M free)
TotalPageFile size 14212M (AvailPageFile size 61M)
current process WorkingSet (physical memory assigned to process): 13M, peak: 13M
current process commit charge ("private bytes"): 52M, peak: 107M

vm_info: Java HotSpot(TM) 64-Bit Server VM (24.0.1+9-30) for windows-amd64 JRE (24.0.1+9-30), built on 2025-03-05T07:23:45Z with MS VC++ 17.6 (VS2022)

END.
