E0621 00:20:22.816134   34680 dev.go:82] Failed to load initial config from "C:\\web 2\\dataconnect": unsupported field schemas in dataconnect.yaml at `C:\web 2\dataconnect\dataconnect.yaml`
I0621 00:20:22.819464   34680 dev.go:105] Listening on address (HTTP + gRPC): 127.0.0.1:9399
I0621 00:20:22.820041   34680 dev.go:105] Listening on address (HTTP + gRPC): [::1]:9399
I0621 00:20:30.878939   34680 control.go:94] [/emulator/production-erp-service 4291] UpdateResources(): done
Main schema: sources: 
I0621 00:20:30.978064   34680 control.go:94] [/emulator/production-erp-service a069] UpdateResources(): done
Main schema: sources: 
E0621 00:20:32.838303   34680 watch.go:31] Failed to load config from "C:\\web 2\\dataconnect": unsupported field schemas in dataconnect.yaml at `C:\web 2\dataconnect\dataconnect.yaml`
E0621 00:20:42.826832   34680 watch.go:31] Failed to load config from "C:\\web 2\\dataconnect": unsupported field schemas in dataconnect.yaml at `C:\web 2\dataconnect\dataconnect.yaml`
E0621 00:20:53.077313   34680 watch.go:31] Failed to load config from "C:\\web 2\\dataconnect": unsupported field schemas in dataconnect.yaml at `C:\web 2\dataconnect\dataconnect.yaml`
E0621 00:21:02.818862   34680 watch.go:31] Failed to load config from "C:\\web 2\\dataconnect": unsupported field schemas in dataconnect.yaml at `C:\web 2\dataconnect\dataconnect.yaml`
E0621 00:21:12.818469   34680 watch.go:31] Failed to load config from "C:\\web 2\\dataconnect": unsupported field schemas in dataconnect.yaml at `C:\web 2\dataconnect\dataconnect.yaml`
E0621 00:21:22.819208   34680 watch.go:31] Failed to load config from "C:\\web 2\\dataconnect": unsupported field schemas in dataconnect.yaml at `C:\web 2\dataconnect\dataconnect.yaml`
E0621 00:21:32.818277   34680 watch.go:31] Failed to load config from "C:\\web 2\\dataconnect": unsupported field schemas in dataconnect.yaml at `C:\web 2\dataconnect\dataconnect.yaml`
E0621 00:21:42.821516   34680 watch.go:31] Failed to load config from "C:\\web 2\\dataconnect": unsupported field schemas in dataconnect.yaml at `C:\web 2\dataconnect\dataconnect.yaml`
E0621 00:21:52.820703   34680 watch.go:31] Failed to load config from "C:\\web 2\\dataconnect": unsupported field schemas in dataconnect.yaml at `C:\web 2\dataconnect\dataconnect.yaml`
E0621 00:22:02.819499   34680 watch.go:31] Failed to load config from "C:\\web 2\\dataconnect": unsupported field schemas in dataconnect.yaml at `C:\web 2\dataconnect\dataconnect.yaml`
E0621 00:22:12.849913   34680 watch.go:31] Failed to load config from "C:\\web 2\\dataconnect": unsupported field schemas in dataconnect.yaml at `C:\web 2\dataconnect\dataconnect.yaml`
E0621 00:22:22.818928   34680 watch.go:31] Failed to load config from "C:\\web 2\\dataconnect": unsupported field schemas in dataconnect.yaml at `C:\web 2\dataconnect\dataconnect.yaml`
E0621 00:22:32.836344   34680 watch.go:31] Failed to load config from "C:\\web 2\\dataconnect": unsupported field schemas in dataconnect.yaml at `C:\web 2\dataconnect\dataconnect.yaml`
E0621 00:22:42.819128   34680 watch.go:31] Failed to load config from "C:\\web 2\\dataconnect": unsupported field schemas in dataconnect.yaml at `C:\web 2\dataconnect\dataconnect.yaml`
E0621 00:22:52.817951   34680 watch.go:31] Failed to load config from "C:\\web 2\\dataconnect": unsupported field schemas in dataconnect.yaml at `C:\web 2\dataconnect\dataconnect.yaml`
E0621 00:23:02.817859   34680 watch.go:31] Failed to load config from "C:\\web 2\\dataconnect": unsupported field schemas in dataconnect.yaml at `C:\web 2\dataconnect\dataconnect.yaml`
E0621 00:23:12.818200   34680 watch.go:31] Failed to load config from "C:\\web 2\\dataconnect": unsupported field schemas in dataconnect.yaml at `C:\web 2\dataconnect\dataconnect.yaml`
E0621 00:23:22.818868   34680 watch.go:31] Failed to load config from "C:\\web 2\\dataconnect": unsupported field schemas in dataconnect.yaml at `C:\web 2\dataconnect\dataconnect.yaml`
E0621 00:23:32.818764   34680 watch.go:31] Failed to load config from "C:\\web 2\\dataconnect": unsupported field schemas in dataconnect.yaml at `C:\web 2\dataconnect\dataconnect.yaml`
E0621 00:23:42.818889   34680 watch.go:31] Failed to load config from "C:\\web 2\\dataconnect": unsupported field schemas in dataconnect.yaml at `C:\web 2\dataconnect\dataconnect.yaml`
E0621 00:23:52.818393   34680 watch.go:31] Failed to load config from "C:\\web 2\\dataconnect": unsupported field schemas in dataconnect.yaml at `C:\web 2\dataconnect\dataconnect.yaml`
E0621 00:24:02.820223   34680 watch.go:31] Failed to load config from "C:\\web 2\\dataconnect": unsupported field schemas in dataconnect.yaml at `C:\web 2\dataconnect\dataconnect.yaml`
E0621 00:24:12.818773   34680 watch.go:31] Failed to load config from "C:\\web 2\\dataconnect": unsupported field schemas in dataconnect.yaml at `C:\web 2\dataconnect\dataconnect.yaml`
E0621 00:24:22.818022   34680 watch.go:31] Failed to load config from "C:\\web 2\\dataconnect": unsupported field schemas in dataconnect.yaml at `C:\web 2\dataconnect\dataconnect.yaml`
E0621 00:24:32.834969   34680 watch.go:31] Failed to load config from "C:\\web 2\\dataconnect": unsupported field schemas in dataconnect.yaml at `C:\web 2\dataconnect\dataconnect.yaml`
E0621 00:24:44.180929   34680 watch.go:31] Failed to load config from "C:\\web 2\\dataconnect": unsupported field schemas in dataconnect.yaml at `C:\web 2\dataconnect\dataconnect.yaml`
E0621 00:24:52.922823   34680 watch.go:31] Failed to load config from "C:\\web 2\\dataconnect": unsupported field schemas in dataconnect.yaml at `C:\web 2\dataconnect\dataconnect.yaml`
E0621 00:25:02.819395   34680 watch.go:31] Failed to load config from "C:\\web 2\\dataconnect": unsupported field schemas in dataconnect.yaml at `C:\web 2\dataconnect\dataconnect.yaml`
E0621 00:25:12.819946   34680 watch.go:31] Failed to load config from "C:\\web 2\\dataconnect": unsupported field schemas in dataconnect.yaml at `C:\web 2\dataconnect\dataconnect.yaml`
E0621 00:25:22.820247   34680 watch.go:31] Failed to load config from "C:\\web 2\\dataconnect": unsupported field schemas in dataconnect.yaml at `C:\web 2\dataconnect\dataconnect.yaml`
E0621 00:25:32.819669   34680 watch.go:31] Failed to load config from "C:\\web 2\\dataconnect": unsupported field schemas in dataconnect.yaml at `C:\web 2\dataconnect\dataconnect.yaml`
E0621 00:25:42.819602   34680 watch.go:31] Failed to load config from "C:\\web 2\\dataconnect": unsupported field schemas in dataconnect.yaml at `C:\web 2\dataconnect\dataconnect.yaml`
E0621 00:25:52.819342   34680 watch.go:31] Failed to load config from "C:\\web 2\\dataconnect": unsupported field schemas in dataconnect.yaml at `C:\web 2\dataconnect\dataconnect.yaml`
E0621 00:26:02.819108   34680 watch.go:31] Failed to load config from "C:\\web 2\\dataconnect": unsupported field schemas in dataconnect.yaml at `C:\web 2\dataconnect\dataconnect.yaml`
E0621 00:26:12.820240   34680 watch.go:31] Failed to load config from "C:\\web 2\\dataconnect": unsupported field schemas in dataconnect.yaml at `C:\web 2\dataconnect\dataconnect.yaml`
E0621 00:26:22.821620   34680 watch.go:31] Failed to load config from "C:\\web 2\\dataconnect": unsupported field schemas in dataconnect.yaml at `C:\web 2\dataconnect\dataconnect.yaml`
E0621 00:26:32.820156   34680 watch.go:31] Failed to load config from "C:\\web 2\\dataconnect": unsupported field schemas in dataconnect.yaml at `C:\web 2\dataconnect\dataconnect.yaml`
E0621 00:26:42.849376   34680 watch.go:31] Failed to load config from "C:\\web 2\\dataconnect": unsupported field schemas in dataconnect.yaml at `C:\web 2\dataconnect\dataconnect.yaml`
E0621 00:26:52.819254   34680 watch.go:31] Failed to load config from "C:\\web 2\\dataconnect": unsupported field schemas in dataconnect.yaml at `C:\web 2\dataconnect\dataconnect.yaml`
E0621 00:27:02.818324   34680 watch.go:31] Failed to load config from "C:\\web 2\\dataconnect": unsupported field schemas in dataconnect.yaml at `C:\web 2\dataconnect\dataconnect.yaml`
E0621 00:27:12.819267   34680 watch.go:31] Failed to load config from "C:\\web 2\\dataconnect": unsupported field schemas in dataconnect.yaml at `C:\web 2\dataconnect\dataconnect.yaml`
E0621 00:27:22.818931   34680 watch.go:31] Failed to load config from "C:\\web 2\\dataconnect": unsupported field schemas in dataconnect.yaml at `C:\web 2\dataconnect\dataconnect.yaml`
E0621 00:27:32.818352   34680 watch.go:31] Failed to load config from "C:\\web 2\\dataconnect": unsupported field schemas in dataconnect.yaml at `C:\web 2\dataconnect\dataconnect.yaml`
E0621 00:27:42.818466   34680 watch.go:31] Failed to load config from "C:\\web 2\\dataconnect": unsupported field schemas in dataconnect.yaml at `C:\web 2\dataconnect\dataconnect.yaml`
E0621 00:27:52.819173   34680 watch.go:31] Failed to load config from "C:\\web 2\\dataconnect": unsupported field schemas in dataconnect.yaml at `C:\web 2\dataconnect\dataconnect.yaml`
E0621 00:28:02.823009   34680 watch.go:31] Failed to load config from "C:\\web 2\\dataconnect": unsupported field schemas in dataconnect.yaml at `C:\web 2\dataconnect\dataconnect.yaml`
E0621 00:28:12.819311   34680 watch.go:31] Failed to load config from "C:\\web 2\\dataconnect": unsupported field schemas in dataconnect.yaml at `C:\web 2\dataconnect\dataconnect.yaml`
E0621 00:28:22.818683   34680 watch.go:31] Failed to load config from "C:\\web 2\\dataconnect": unsupported field schemas in dataconnect.yaml at `C:\web 2\dataconnect\dataconnect.yaml`
E0621 00:28:32.818914   34680 watch.go:31] Failed to load config from "C:\\web 2\\dataconnect": unsupported field schemas in dataconnect.yaml at `C:\web 2\dataconnect\dataconnect.yaml`
E0621 00:28:42.822485   34680 watch.go:31] Failed to load config from "C:\\web 2\\dataconnect": unsupported field schemas in dataconnect.yaml at `C:\web 2\dataconnect\dataconnect.yaml`
E0621 00:28:52.820053   34680 watch.go:31] Failed to load config from "C:\\web 2\\dataconnect": unsupported field schemas in dataconnect.yaml at `C:\web 2\dataconnect\dataconnect.yaml`
E0621 00:29:02.818909   34680 watch.go:31] Failed to load config from "C:\\web 2\\dataconnect": unsupported field schemas in dataconnect.yaml at `C:\web 2\dataconnect\dataconnect.yaml`
E0621 00:29:12.819252   34680 watch.go:31] Failed to load config from "C:\\web 2\\dataconnect": unsupported field schemas in dataconnect.yaml at `C:\web 2\dataconnect\dataconnect.yaml`
E0621 00:29:22.819302   34680 watch.go:31] Failed to load config from "C:\\web 2\\dataconnect": unsupported field schemas in dataconnect.yaml at `C:\web 2\dataconnect\dataconnect.yaml`
E0621 00:29:32.819091   34680 watch.go:31] Failed to load config from "C:\\web 2\\dataconnect": unsupported field schemas in dataconnect.yaml at `C:\web 2\dataconnect\dataconnect.yaml`
E0621 00:29:42.817994   34680 watch.go:31] Failed to load config from "C:\\web 2\\dataconnect": unsupported field schemas in dataconnect.yaml at `C:\web 2\dataconnect\dataconnect.yaml`
E0621 00:29:52.818598   34680 watch.go:31] Failed to load config from "C:\\web 2\\dataconnect": unsupported field schemas in dataconnect.yaml at `C:\web 2\dataconnect\dataconnect.yaml`
E0621 00:30:02.819251   34680 watch.go:31] Failed to load config from "C:\\web 2\\dataconnect": unsupported field schemas in dataconnect.yaml at `C:\web 2\dataconnect\dataconnect.yaml`
E0621 00:30:12.818849   34680 watch.go:31] Failed to load config from "C:\\web 2\\dataconnect": unsupported field schemas in dataconnect.yaml at `C:\web 2\dataconnect\dataconnect.yaml`
E0621 00:30:22.834882   34680 watch.go:31] Failed to load config from "C:\\web 2\\dataconnect": unsupported field schemas in dataconnect.yaml at `C:\web 2\dataconnect\dataconnect.yaml`
E0621 00:30:32.823207   34680 watch.go:31] Failed to load config from "C:\\web 2\\dataconnect": unsupported field schemas in dataconnect.yaml at `C:\web 2\dataconnect\dataconnect.yaml`
E0621 00:30:42.819531   34680 watch.go:31] Failed to load config from "C:\\web 2\\dataconnect": unsupported field schemas in dataconnect.yaml at `C:\web 2\dataconnect\dataconnect.yaml`
E0621 00:30:52.822318   34680 watch.go:31] Failed to load config from "C:\\web 2\\dataconnect": unsupported field schemas in dataconnect.yaml at `C:\web 2\dataconnect\dataconnect.yaml`
E0621 00:31:02.819475   34680 watch.go:31] Failed to load config from "C:\\web 2\\dataconnect": unsupported field schemas in dataconnect.yaml at `C:\web 2\dataconnect\dataconnect.yaml`
E0621 00:31:12.819191   34680 watch.go:31] Failed to load config from "C:\\web 2\\dataconnect": unsupported field schemas in dataconnect.yaml at `C:\web 2\dataconnect\dataconnect.yaml`
E0621 00:31:22.818924   34680 watch.go:31] Failed to load config from "C:\\web 2\\dataconnect": unsupported field schemas in dataconnect.yaml at `C:\web 2\dataconnect\dataconnect.yaml`
E0621 00:31:32.819130   34680 watch.go:31] Failed to load config from "C:\\web 2\\dataconnect": unsupported field schemas in dataconnect.yaml at `C:\web 2\dataconnect\dataconnect.yaml`
E0621 00:31:42.819572   34680 watch.go:31] Failed to load config from "C:\\web 2\\dataconnect": unsupported field schemas in dataconnect.yaml at `C:\web 2\dataconnect\dataconnect.yaml`
E0621 00:31:52.819354   34680 watch.go:31] Failed to load config from "C:\\web 2\\dataconnect": unsupported field schemas in dataconnect.yaml at `C:\web 2\dataconnect\dataconnect.yaml`
E0621 00:32:02.818884   34680 watch.go:31] Failed to load config from "C:\\web 2\\dataconnect": unsupported field schemas in dataconnect.yaml at `C:\web 2\dataconnect\dataconnect.yaml`
E0621 00:32:12.818570   34680 watch.go:31] Failed to load config from "C:\\web 2\\dataconnect": unsupported field schemas in dataconnect.yaml at `C:\web 2\dataconnect\dataconnect.yaml`
E0621 00:32:22.819768   34680 watch.go:31] Failed to load config from "C:\\web 2\\dataconnect": unsupported field schemas in dataconnect.yaml at `C:\web 2\dataconnect\dataconnect.yaml`
E0621 00:32:32.819006   34680 watch.go:31] Failed to load config from "C:\\web 2\\dataconnect": unsupported field schemas in dataconnect.yaml at `C:\web 2\dataconnect\dataconnect.yaml`
E0621 00:32:42.819471   34680 watch.go:31] Failed to load config from "C:\\web 2\\dataconnect": unsupported field schemas in dataconnect.yaml at `C:\web 2\dataconnect\dataconnect.yaml`
E0621 00:32:52.818847   34680 watch.go:31] Failed to load config from "C:\\web 2\\dataconnect": unsupported field schemas in dataconnect.yaml at `C:\web 2\dataconnect\dataconnect.yaml`
E0621 00:33:02.821419   34680 watch.go:31] Failed to load config from "C:\\web 2\\dataconnect": unsupported field schemas in dataconnect.yaml at `C:\web 2\dataconnect\dataconnect.yaml`
E0621 00:33:12.818693   34680 watch.go:31] Failed to load config from "C:\\web 2\\dataconnect": unsupported field schemas in dataconnect.yaml at `C:\web 2\dataconnect\dataconnect.yaml`
E0621 00:33:22.818820   34680 watch.go:31] Failed to load config from "C:\\web 2\\dataconnect": unsupported field schemas in dataconnect.yaml at `C:\web 2\dataconnect\dataconnect.yaml`
E0621 00:33:32.870200   34680 watch.go:31] Failed to load config from "C:\\web 2\\dataconnect": unsupported field schemas in dataconnect.yaml at `C:\web 2\dataconnect\dataconnect.yaml`
E0621 00:33:42.818808   34680 watch.go:31] Failed to load config from "C:\\web 2\\dataconnect": unsupported field schemas in dataconnect.yaml at `C:\web 2\dataconnect\dataconnect.yaml`
E0621 00:33:52.819149   34680 watch.go:31] Failed to load config from "C:\\web 2\\dataconnect": unsupported field schemas in dataconnect.yaml at `C:\web 2\dataconnect\dataconnect.yaml`
E0621 00:34:02.818828   34680 watch.go:31] Failed to load config from "C:\\web 2\\dataconnect": unsupported field schemas in dataconnect.yaml at `C:\web 2\dataconnect\dataconnect.yaml`
E0621 00:34:12.819038   34680 watch.go:31] Failed to load config from "C:\\web 2\\dataconnect": unsupported field schemas in dataconnect.yaml at `C:\web 2\dataconnect\dataconnect.yaml`
E0621 00:34:22.819051   34680 watch.go:31] Failed to load config from "C:\\web 2\\dataconnect": unsupported field schemas in dataconnect.yaml at `C:\web 2\dataconnect\dataconnect.yaml`
E0621 00:34:32.818929   34680 watch.go:31] Failed to load config from "C:\\web 2\\dataconnect": unsupported field schemas in dataconnect.yaml at `C:\web 2\dataconnect\dataconnect.yaml`
E0621 00:34:42.818891   34680 watch.go:31] Failed to load config from "C:\\web 2\\dataconnect": unsupported field schemas in dataconnect.yaml at `C:\web 2\dataconnect\dataconnect.yaml`
E0621 00:34:52.819400   34680 watch.go:31] Failed to load config from "C:\\web 2\\dataconnect": unsupported field schemas in dataconnect.yaml at `C:\web 2\dataconnect\dataconnect.yaml`
E0621 00:35:02.819226   34680 watch.go:31] Failed to load config from "C:\\web 2\\dataconnect": unsupported field schemas in dataconnect.yaml at `C:\web 2\dataconnect\dataconnect.yaml`
E0621 00:35:12.822168   34680 watch.go:31] Failed to load config from "C:\\web 2\\dataconnect": unsupported field schemas in dataconnect.yaml at `C:\web 2\dataconnect\dataconnect.yaml`
E0621 00:35:22.819060   34680 watch.go:31] Failed to load config from "C:\\web 2\\dataconnect": unsupported field schemas in dataconnect.yaml at `C:\web 2\dataconnect\dataconnect.yaml`
E0621 00:35:32.819075   34680 watch.go:31] Failed to load config from "C:\\web 2\\dataconnect": unsupported field schemas in dataconnect.yaml at `C:\web 2\dataconnect\dataconnect.yaml`
E0621 00:35:42.819386   34680 watch.go:31] Failed to load config from "C:\\web 2\\dataconnect": unsupported field schemas in dataconnect.yaml at `C:\web 2\dataconnect\dataconnect.yaml`
E0621 00:35:52.819350   34680 watch.go:31] Failed to load config from "C:\\web 2\\dataconnect": unsupported field schemas in dataconnect.yaml at `C:\web 2\dataconnect\dataconnect.yaml`
E0621 00:36:02.819635   34680 watch.go:31] Failed to load config from "C:\\web 2\\dataconnect": unsupported field schemas in dataconnect.yaml at `C:\web 2\dataconnect\dataconnect.yaml`
E0621 00:36:12.819847   34680 watch.go:31] Failed to load config from "C:\\web 2\\dataconnect": unsupported field schemas in dataconnect.yaml at `C:\web 2\dataconnect\dataconnect.yaml`
E0621 00:36:22.823741   34680 watch.go:31] Failed to load config from "C:\\web 2\\dataconnect": unsupported field schemas in dataconnect.yaml at `C:\web 2\dataconnect\dataconnect.yaml`
E0621 00:36:32.818006   34680 watch.go:31] Failed to load config from "C:\\web 2\\dataconnect": unsupported field schemas in dataconnect.yaml at `C:\web 2\dataconnect\dataconnect.yaml`
E0621 00:50:53.122838   34680 watch.go:31] Failed to load config from "C:\\web 2\\dataconnect": unsupported field schemas in dataconnect.yaml at `C:\web 2\dataconnect\dataconnect.yaml`
E0621 05:50:59.653158   34680 watch.go:31] Failed to load config from "C:\\web 2\\dataconnect": unsupported field schemas in dataconnect.yaml at `C:\web 2\dataconnect\dataconnect.yaml`
E0621 05:51:02.836460   34680 watch.go:31] Failed to load config from "C:\\web 2\\dataconnect": unsupported field schemas in dataconnect.yaml at `C:\web 2\dataconnect\dataconnect.yaml`
E0621 05:51:12.819288   34680 watch.go:31] Failed to load config from "C:\\web 2\\dataconnect": unsupported field schemas in dataconnect.yaml at `C:\web 2\dataconnect\dataconnect.yaml`
E0621 05:51:22.887605   34680 watch.go:31] Failed to load config from "C:\\web 2\\dataconnect": unsupported field schemas in dataconnect.yaml at `C:\web 2\dataconnect\dataconnect.yaml`
E0621 05:51:32.828637   34680 watch.go:31] Failed to load config from "C:\\web 2\\dataconnect": unsupported field schemas in dataconnect.yaml at `C:\web 2\dataconnect\dataconnect.yaml`
E0621 05:51:42.819901   34680 watch.go:31] Failed to load config from "C:\\web 2\\dataconnect": unsupported field schemas in dataconnect.yaml at `C:\web 2\dataconnect\dataconnect.yaml`
E0621 05:51:52.820607   34680 watch.go:31] Failed to load config from "C:\\web 2\\dataconnect": unsupported field schemas in dataconnect.yaml at `C:\web 2\dataconnect\dataconnect.yaml`
E0621 05:52:02.820558   34680 watch.go:31] Failed to load config from "C:\\web 2\\dataconnect": unsupported field schemas in dataconnect.yaml at `C:\web 2\dataconnect\dataconnect.yaml`
E0621 05:52:12.818792   34680 watch.go:31] Failed to load config from "C:\\web 2\\dataconnect": unsupported field schemas in dataconnect.yaml at `C:\web 2\dataconnect\dataconnect.yaml`
E0621 05:52:22.818723   34680 watch.go:31] Failed to load config from "C:\\web 2\\dataconnect": unsupported field schemas in dataconnect.yaml at `C:\web 2\dataconnect\dataconnect.yaml`
E0621 05:52:32.818148   34680 watch.go:31] Failed to load config from "C:\\web 2\\dataconnect": unsupported field schemas in dataconnect.yaml at `C:\web 2\dataconnect\dataconnect.yaml`
E0621 05:52:42.822747   34680 watch.go:31] Failed to load config from "C:\\web 2\\dataconnect": unsupported field schemas in dataconnect.yaml at `C:\web 2\dataconnect\dataconnect.yaml`
E0621 05:52:52.818280   34680 watch.go:31] Failed to load config from "C:\\web 2\\dataconnect": unsupported field schemas in dataconnect.yaml at `C:\web 2\dataconnect\dataconnect.yaml`
E0621 05:53:02.820658   34680 watch.go:31] Failed to load config from "C:\\web 2\\dataconnect": unsupported field schemas in dataconnect.yaml at `C:\web 2\dataconnect\dataconnect.yaml`
E0621 05:53:12.818598   34680 watch.go:31] Failed to load config from "C:\\web 2\\dataconnect": unsupported field schemas in dataconnect.yaml at `C:\web 2\dataconnect\dataconnect.yaml`
E0621 05:53:22.818507   34680 watch.go:31] Failed to load config from "C:\\web 2\\dataconnect": unsupported field schemas in dataconnect.yaml at `C:\web 2\dataconnect\dataconnect.yaml`
E0621 05:53:32.817908   34680 watch.go:31] Failed to load config from "C:\\web 2\\dataconnect": unsupported field schemas in dataconnect.yaml at `C:\web 2\dataconnect\dataconnect.yaml`
E0621 05:53:42.819993   34680 watch.go:31] Failed to load config from "C:\\web 2\\dataconnect": unsupported field schemas in dataconnect.yaml at `C:\web 2\dataconnect\dataconnect.yaml`
E0621 05:53:52.817849   34680 watch.go:31] Failed to load config from "C:\\web 2\\dataconnect": unsupported field schemas in dataconnect.yaml at `C:\web 2\dataconnect\dataconnect.yaml`
E0621 05:54:02.818279   34680 watch.go:31] Failed to load config from "C:\\web 2\\dataconnect": unsupported field schemas in dataconnect.yaml at `C:\web 2\dataconnect\dataconnect.yaml`
E0621 06:21:41.040816   34680 watch.go:31] Failed to load config from "C:\\web 2\\dataconnect": unsupported field schemas in dataconnect.yaml at `C:\web 2\dataconnect\dataconnect.yaml`
E0621 06:21:42.818267   34680 watch.go:31] Failed to load config from "C:\\web 2\\dataconnect": unsupported field schemas in dataconnect.yaml at `C:\web 2\dataconnect\dataconnect.yaml`
E0621 06:21:52.982438   34680 watch.go:31] Failed to load config from "C:\\web 2\\dataconnect": unsupported field schemas in dataconnect.yaml at `C:\web 2\dataconnect\dataconnect.yaml`
E0621 06:22:02.818982   34680 watch.go:31] Failed to load config from "C:\\web 2\\dataconnect": unsupported field schemas in dataconnect.yaml at `C:\web 2\dataconnect\dataconnect.yaml`
E0621 06:22:12.844735   34680 watch.go:31] Failed to load config from "C:\\web 2\\dataconnect": unsupported field schemas in dataconnect.yaml at `C:\web 2\dataconnect\dataconnect.yaml`
E0621 06:22:22.820235   34680 watch.go:31] Failed to load config from "C:\\web 2\\dataconnect": unsupported field schemas in dataconnect.yaml at `C:\web 2\dataconnect\dataconnect.yaml`
E0621 06:22:32.821610   34680 watch.go:31] Failed to load config from "C:\\web 2\\dataconnect": unsupported field schemas in dataconnect.yaml at `C:\web 2\dataconnect\dataconnect.yaml`
E0621 06:22:42.821584   34680 watch.go:31] Failed to load config from "C:\\web 2\\dataconnect": unsupported field schemas in dataconnect.yaml at `C:\web 2\dataconnect\dataconnect.yaml`
E0621 06:22:52.820422   34680 watch.go:31] Failed to load config from "C:\\web 2\\dataconnect": unsupported field schemas in dataconnect.yaml at `C:\web 2\dataconnect\dataconnect.yaml`
E0621 06:23:02.820650   34680 watch.go:31] Failed to load config from "C:\\web 2\\dataconnect": unsupported field schemas in dataconnect.yaml at `C:\web 2\dataconnect\dataconnect.yaml`
E0621 06:23:12.819508   34680 watch.go:31] Failed to load config from "C:\\web 2\\dataconnect": unsupported field schemas in dataconnect.yaml at `C:\web 2\dataconnect\dataconnect.yaml`
E0621 06:23:22.826571   34680 watch.go:31] Failed to load config from "C:\\web 2\\dataconnect": unsupported field schemas in dataconnect.yaml at `C:\web 2\dataconnect\dataconnect.yaml`
E0621 06:23:32.819308   34680 watch.go:31] Failed to load config from "C:\\web 2\\dataconnect": unsupported field schemas in dataconnect.yaml at `C:\web 2\dataconnect\dataconnect.yaml`
E0621 06:23:42.823775   34680 watch.go:31] Failed to load config from "C:\\web 2\\dataconnect": unsupported field schemas in dataconnect.yaml at `C:\web 2\dataconnect\dataconnect.yaml`
E0621 06:23:52.820446   34680 watch.go:31] Failed to load config from "C:\\web 2\\dataconnect": unsupported field schemas in dataconnect.yaml at `C:\web 2\dataconnect\dataconnect.yaml`
E0621 06:24:02.838605   34680 watch.go:31] Failed to load config from "C:\\web 2\\dataconnect": unsupported field schemas in dataconnect.yaml at `C:\web 2\dataconnect\dataconnect.yaml`
E0621 06:24:12.820354   34680 watch.go:31] Failed to load config from "C:\\web 2\\dataconnect": unsupported field schemas in dataconnect.yaml at `C:\web 2\dataconnect\dataconnect.yaml`
E0621 06:24:22.820525   34680 watch.go:31] Failed to load config from "C:\\web 2\\dataconnect": unsupported field schemas in dataconnect.yaml at `C:\web 2\dataconnect\dataconnect.yaml`
E0621 06:24:32.818831   34680 watch.go:31] Failed to load config from "C:\\web 2\\dataconnect": unsupported field schemas in dataconnect.yaml at `C:\web 2\dataconnect\dataconnect.yaml`
E0621 06:24:42.819430   34680 watch.go:31] Failed to load config from "C:\\web 2\\dataconnect": unsupported field schemas in dataconnect.yaml at `C:\web 2\dataconnect\dataconnect.yaml`
E0621 06:24:52.819593   34680 watch.go:31] Failed to load config from "C:\\web 2\\dataconnect": unsupported field schemas in dataconnect.yaml at `C:\web 2\dataconnect\dataconnect.yaml`
E0621 06:25:02.819520   34680 watch.go:31] Failed to load config from "C:\\web 2\\dataconnect": unsupported field schemas in dataconnect.yaml at `C:\web 2\dataconnect\dataconnect.yaml`
E0621 06:25:12.819092   34680 watch.go:31] Failed to load config from "C:\\web 2\\dataconnect": unsupported field schemas in dataconnect.yaml at `C:\web 2\dataconnect\dataconnect.yaml`
E0621 06:25:22.819269   34680 watch.go:31] Failed to load config from "C:\\web 2\\dataconnect": unsupported field schemas in dataconnect.yaml at `C:\web 2\dataconnect\dataconnect.yaml`
E0621 06:25:32.819701   34680 watch.go:31] Failed to load config from "C:\\web 2\\dataconnect": unsupported field schemas in dataconnect.yaml at `C:\web 2\dataconnect\dataconnect.yaml`
E0621 06:25:42.819380   34680 watch.go:31] Failed to load config from "C:\\web 2\\dataconnect": unsupported field schemas in dataconnect.yaml at `C:\web 2\dataconnect\dataconnect.yaml`
E0621 06:25:52.819590   34680 watch.go:31] Failed to load config from "C:\\web 2\\dataconnect": unsupported field schemas in dataconnect.yaml at `C:\web 2\dataconnect\dataconnect.yaml`
E0621 06:26:02.819122   34680 watch.go:31] Failed to load config from "C:\\web 2\\dataconnect": unsupported field schemas in dataconnect.yaml at `C:\web 2\dataconnect\dataconnect.yaml`
E0621 06:26:12.818852   34680 watch.go:31] Failed to load config from "C:\\web 2\\dataconnect": unsupported field schemas in dataconnect.yaml at `C:\web 2\dataconnect\dataconnect.yaml`
E0621 06:26:22.818919   34680 watch.go:31] Failed to load config from "C:\\web 2\\dataconnect": unsupported field schemas in dataconnect.yaml at `C:\web 2\dataconnect\dataconnect.yaml`
E0621 06:26:32.818999   34680 watch.go:31] Failed to load config from "C:\\web 2\\dataconnect": unsupported field schemas in dataconnect.yaml at `C:\web 2\dataconnect\dataconnect.yaml`
E0621 06:26:42.824628   34680 watch.go:31] Failed to load config from "C:\\web 2\\dataconnect": unsupported field schemas in dataconnect.yaml at `C:\web 2\dataconnect\dataconnect.yaml`
E0621 06:26:52.820026   34680 watch.go:31] Failed to load config from "C:\\web 2\\dataconnect": unsupported field schemas in dataconnect.yaml at `C:\web 2\dataconnect\dataconnect.yaml`
E0621 06:27:02.818400   34680 watch.go:31] Failed to load config from "C:\\web 2\\dataconnect": unsupported field schemas in dataconnect.yaml at `C:\web 2\dataconnect\dataconnect.yaml`
E0621 06:27:12.826936   34680 watch.go:31] Failed to load config from "C:\\web 2\\dataconnect": unsupported field schemas in dataconnect.yaml at `C:\web 2\dataconnect\dataconnect.yaml`
E0621 06:27:22.819251   34680 watch.go:31] Failed to load config from "C:\\web 2\\dataconnect": unsupported field schemas in dataconnect.yaml at `C:\web 2\dataconnect\dataconnect.yaml`
E0621 06:27:32.819676   34680 watch.go:31] Failed to load config from "C:\\web 2\\dataconnect": unsupported field schemas in dataconnect.yaml at `C:\web 2\dataconnect\dataconnect.yaml`
E0621 06:27:42.826856   34680 watch.go:31] Failed to load config from "C:\\web 2\\dataconnect": unsupported field schemas in dataconnect.yaml at `C:\web 2\dataconnect\dataconnect.yaml`
E0621 06:27:52.819714   34680 watch.go:31] Failed to load config from "C:\\web 2\\dataconnect": unsupported field schemas in dataconnect.yaml at `C:\web 2\dataconnect\dataconnect.yaml`
E0621 06:28:02.819487   34680 watch.go:31] Failed to load config from "C:\\web 2\\dataconnect": unsupported field schemas in dataconnect.yaml at `C:\web 2\dataconnect\dataconnect.yaml`
E0621 06:28:12.818720   34680 watch.go:31] Failed to load config from "C:\\web 2\\dataconnect": unsupported field schemas in dataconnect.yaml at `C:\web 2\dataconnect\dataconnect.yaml`
E0621 06:34:58.622006   34680 watch.go:31] Failed to load config from "C:\\web 2\\dataconnect": unsupported field schemas in dataconnect.yaml at `C:\web 2\dataconnect\dataconnect.yaml`
E0621 06:35:02.819318   34680 watch.go:31] Failed to load config from "C:\\web 2\\dataconnect": unsupported field schemas in dataconnect.yaml at `C:\web 2\dataconnect\dataconnect.yaml`
E0621 06:35:12.818481   34680 watch.go:31] Failed to load config from "C:\\web 2\\dataconnect": unsupported field schemas in dataconnect.yaml at `C:\web 2\dataconnect\dataconnect.yaml`
E0621 06:35:22.821649   34680 watch.go:31] Failed to load config from "C:\\web 2\\dataconnect": unsupported field schemas in dataconnect.yaml at `C:\web 2\dataconnect\dataconnect.yaml`
E0621 06:35:32.826200   34680 watch.go:31] Failed to load config from "C:\\web 2\\dataconnect": unsupported field schemas in dataconnect.yaml at `C:\web 2\dataconnect\dataconnect.yaml`
E0621 06:35:42.818372   34680 watch.go:31] Failed to load config from "C:\\web 2\\dataconnect": unsupported field schemas in dataconnect.yaml at `C:\web 2\dataconnect\dataconnect.yaml`
E0621 06:35:52.821416   34680 watch.go:31] Failed to load config from "C:\\web 2\\dataconnect": unsupported field schemas in dataconnect.yaml at `C:\web 2\dataconnect\dataconnect.yaml`
E0621 06:36:02.819114   34680 watch.go:31] Failed to load config from "C:\\web 2\\dataconnect": unsupported field schemas in dataconnect.yaml at `C:\web 2\dataconnect\dataconnect.yaml`
E0621 06:36:12.819436   34680 watch.go:31] Failed to load config from "C:\\web 2\\dataconnect": unsupported field schemas in dataconnect.yaml at `C:\web 2\dataconnect\dataconnect.yaml`
E0621 06:36:22.818425   34680 watch.go:31] Failed to load config from "C:\\web 2\\dataconnect": unsupported field schemas in dataconnect.yaml at `C:\web 2\dataconnect\dataconnect.yaml`
E0621 06:36:32.819394   34680 watch.go:31] Failed to load config from "C:\\web 2\\dataconnect": unsupported field schemas in dataconnect.yaml at `C:\web 2\dataconnect\dataconnect.yaml`
E0621 06:36:42.818115   34680 watch.go:31] Failed to load config from "C:\\web 2\\dataconnect": unsupported field schemas in dataconnect.yaml at `C:\web 2\dataconnect\dataconnect.yaml`
E0621 06:36:52.863307   34680 watch.go:31] Failed to load config from "C:\\web 2\\dataconnect": unsupported field schemas in dataconnect.yaml at `C:\web 2\dataconnect\dataconnect.yaml`
E0621 06:37:02.827130   34680 watch.go:31] Failed to load config from "C:\\web 2\\dataconnect": unsupported field schemas in dataconnect.yaml at `C:\web 2\dataconnect\dataconnect.yaml`
E0621 06:37:12.823477   34680 watch.go:31] Failed to load config from "C:\\web 2\\dataconnect": unsupported field schemas in dataconnect.yaml at `C:\web 2\dataconnect\dataconnect.yaml`
E0621 06:37:22.818673   34680 watch.go:31] Failed to load config from "C:\\web 2\\dataconnect": unsupported field schemas in dataconnect.yaml at `C:\web 2\dataconnect\dataconnect.yaml`
E0621 06:37:32.821256   34680 watch.go:31] Failed to load config from "C:\\web 2\\dataconnect": unsupported field schemas in dataconnect.yaml at `C:\web 2\dataconnect\dataconnect.yaml`
E0621 06:37:42.818994   34680 watch.go:31] Failed to load config from "C:\\web 2\\dataconnect": unsupported field schemas in dataconnect.yaml at `C:\web 2\dataconnect\dataconnect.yaml`
E0621 06:37:52.835182   34680 watch.go:31] Failed to load config from "C:\\web 2\\dataconnect": unsupported field schemas in dataconnect.yaml at `C:\web 2\dataconnect\dataconnect.yaml`
E0621 06:38:02.821802   34680 watch.go:31] Failed to load config from "C:\\web 2\\dataconnect": unsupported field schemas in dataconnect.yaml at `C:\web 2\dataconnect\dataconnect.yaml`
E0621 06:38:12.818136   34680 watch.go:31] Failed to load config from "C:\\web 2\\dataconnect": unsupported field schemas in dataconnect.yaml at `C:\web 2\dataconnect\dataconnect.yaml`
E0621 06:38:22.818059   34680 watch.go:31] Failed to load config from "C:\\web 2\\dataconnect": unsupported field schemas in dataconnect.yaml at `C:\web 2\dataconnect\dataconnect.yaml`
E0621 06:38:32.818190   34680 watch.go:31] Failed to load config from "C:\\web 2\\dataconnect": unsupported field schemas in dataconnect.yaml at `C:\web 2\dataconnect\dataconnect.yaml`
E0621 06:38:42.818553   34680 watch.go:31] Failed to load config from "C:\\web 2\\dataconnect": unsupported field schemas in dataconnect.yaml at `C:\web 2\dataconnect\dataconnect.yaml`
E0621 06:38:52.818776   34680 watch.go:31] Failed to load config from "C:\\web 2\\dataconnect": unsupported field schemas in dataconnect.yaml at `C:\web 2\dataconnect\dataconnect.yaml`
E0621 06:39:02.818908   34680 watch.go:31] Failed to load config from "C:\\web 2\\dataconnect": unsupported field schemas in dataconnect.yaml at `C:\web 2\dataconnect\dataconnect.yaml`
E0621 06:39:12.824308   34680 watch.go:31] Failed to load config from "C:\\web 2\\dataconnect": unsupported field schemas in dataconnect.yaml at `C:\web 2\dataconnect\dataconnect.yaml`
E0621 06:39:22.819559   34680 watch.go:31] Failed to load config from "C:\\web 2\\dataconnect": unsupported field schemas in dataconnect.yaml at `C:\web 2\dataconnect\dataconnect.yaml`
E0621 06:39:32.817905   34680 watch.go:31] Failed to load config from "C:\\web 2\\dataconnect": unsupported field schemas in dataconnect.yaml at `C:\web 2\dataconnect\dataconnect.yaml`
E0621 06:39:42.820294   34680 watch.go:31] Failed to load config from "C:\\web 2\\dataconnect": unsupported field schemas in dataconnect.yaml at `C:\web 2\dataconnect\dataconnect.yaml`
E0621 06:39:52.819148   34680 watch.go:31] Failed to load config from "C:\\web 2\\dataconnect": unsupported field schemas in dataconnect.yaml at `C:\web 2\dataconnect\dataconnect.yaml`
E0621 06:40:02.822575   34680 watch.go:31] Failed to load config from "C:\\web 2\\dataconnect": unsupported field schemas in dataconnect.yaml at `C:\web 2\dataconnect\dataconnect.yaml`
E0621 06:40:12.818632   34680 watch.go:31] Failed to load config from "C:\\web 2\\dataconnect": unsupported field schemas in dataconnect.yaml at `C:\web 2\dataconnect\dataconnect.yaml`
E0621 06:40:22.819989   34680 watch.go:31] Failed to load config from "C:\\web 2\\dataconnect": unsupported field schemas in dataconnect.yaml at `C:\web 2\dataconnect\dataconnect.yaml`
E0621 06:40:32.820927   34680 watch.go:31] Failed to load config from "C:\\web 2\\dataconnect": unsupported field schemas in dataconnect.yaml at `C:\web 2\dataconnect\dataconnect.yaml`
E0621 06:40:42.818928   34680 watch.go:31] Failed to load config from "C:\\web 2\\dataconnect": unsupported field schemas in dataconnect.yaml at `C:\web 2\dataconnect\dataconnect.yaml`
E0621 06:40:52.817736   34680 watch.go:31] Failed to load config from "C:\\web 2\\dataconnect": unsupported field schemas in dataconnect.yaml at `C:\web 2\dataconnect\dataconnect.yaml`
E0621 06:41:02.818775   34680 watch.go:31] Failed to load config from "C:\\web 2\\dataconnect": unsupported field schemas in dataconnect.yaml at `C:\web 2\dataconnect\dataconnect.yaml`
E0621 06:41:12.820182   34680 watch.go:31] Failed to load config from "C:\\web 2\\dataconnect": unsupported field schemas in dataconnect.yaml at `C:\web 2\dataconnect\dataconnect.yaml`
E0621 06:41:22.819662   34680 watch.go:31] Failed to load config from "C:\\web 2\\dataconnect": unsupported field schemas in dataconnect.yaml at `C:\web 2\dataconnect\dataconnect.yaml`
E0621 06:41:32.818531   34680 watch.go:31] Failed to load config from "C:\\web 2\\dataconnect": unsupported field schemas in dataconnect.yaml at `C:\web 2\dataconnect\dataconnect.yaml`
E0621 06:41:42.819682   34680 watch.go:31] Failed to load config from "C:\\web 2\\dataconnect": unsupported field schemas in dataconnect.yaml at `C:\web 2\dataconnect\dataconnect.yaml`
E0621 06:41:52.818640   34680 watch.go:31] Failed to load config from "C:\\web 2\\dataconnect": unsupported field schemas in dataconnect.yaml at `C:\web 2\dataconnect\dataconnect.yaml`
E0621 06:42:02.817928   34680 watch.go:31] Failed to load config from "C:\\web 2\\dataconnect": unsupported field schemas in dataconnect.yaml at `C:\web 2\dataconnect\dataconnect.yaml`
E0621 06:42:12.817914   34680 watch.go:31] Failed to load config from "C:\\web 2\\dataconnect": unsupported field schemas in dataconnect.yaml at `C:\web 2\dataconnect\dataconnect.yaml`
E0621 06:42:22.819854   34680 watch.go:31] Failed to load config from "C:\\web 2\\dataconnect": unsupported field schemas in dataconnect.yaml at `C:\web 2\dataconnect\dataconnect.yaml`
E0621 06:42:32.818190   34680 watch.go:31] Failed to load config from "C:\\web 2\\dataconnect": unsupported field schemas in dataconnect.yaml at `C:\web 2\dataconnect\dataconnect.yaml`
E0621 06:42:42.818748   34680 watch.go:31] Failed to load config from "C:\\web 2\\dataconnect": unsupported field schemas in dataconnect.yaml at `C:\web 2\dataconnect\dataconnect.yaml`
E0621 06:42:52.818301   34680 watch.go:31] Failed to load config from "C:\\web 2\\dataconnect": unsupported field schemas in dataconnect.yaml at `C:\web 2\dataconnect\dataconnect.yaml`
E0621 06:43:02.817834   34680 watch.go:31] Failed to load config from "C:\\web 2\\dataconnect": unsupported field schemas in dataconnect.yaml at `C:\web 2\dataconnect\dataconnect.yaml`
E0621 06:43:12.818481   34680 watch.go:31] Failed to load config from "C:\\web 2\\dataconnect": unsupported field schemas in dataconnect.yaml at `C:\web 2\dataconnect\dataconnect.yaml`
E0621 06:43:22.836453   34680 watch.go:31] Failed to load config from "C:\\web 2\\dataconnect": unsupported field schemas in dataconnect.yaml at `C:\web 2\dataconnect\dataconnect.yaml`
E0621 06:43:32.820936   34680 watch.go:31] Failed to load config from "C:\\web 2\\dataconnect": unsupported field schemas in dataconnect.yaml at `C:\web 2\dataconnect\dataconnect.yaml`
E0621 06:43:42.818724   34680 watch.go:31] Failed to load config from "C:\\web 2\\dataconnect": unsupported field schemas in dataconnect.yaml at `C:\web 2\dataconnect\dataconnect.yaml`
E0621 06:43:52.818600   34680 watch.go:31] Failed to load config from "C:\\web 2\\dataconnect": unsupported field schemas in dataconnect.yaml at `C:\web 2\dataconnect\dataconnect.yaml`
E0621 06:44:02.818494   34680 watch.go:31] Failed to load config from "C:\\web 2\\dataconnect": unsupported field schemas in dataconnect.yaml at `C:\web 2\dataconnect\dataconnect.yaml`
E0621 06:44:12.819000   34680 watch.go:31] Failed to load config from "C:\\web 2\\dataconnect": unsupported field schemas in dataconnect.yaml at `C:\web 2\dataconnect\dataconnect.yaml`
E0621 06:44:22.818776   34680 watch.go:31] Failed to load config from "C:\\web 2\\dataconnect": could not unmarshal dataconnect.yaml at `C:\web 2\dataconnect\dataconnect.yaml`: yaml: line 3: did not find expected key
E0621 06:44:32.819486   34680 watch.go:31] Failed to load config from "C:\\web 2\\dataconnect": unsupported field schemas in dataconnect.yaml at `C:\web 2\dataconnect\dataconnect.yaml`
E0621 06:44:42.819874   34680 watch.go:31] Failed to load config from "C:\\web 2\\dataconnect": unsupported field schemas in dataconnect.yaml at `C:\web 2\dataconnect\dataconnect.yaml`
E0621 06:44:52.818068   34680 watch.go:31] Failed to load config from "C:\\web 2\\dataconnect": unsupported field schemas in dataconnect.yaml at `C:\web 2\dataconnect\dataconnect.yaml`
E0621 06:45:02.818977   34680 watch.go:31] Failed to load config from "C:\\web 2\\dataconnect": unsupported field schemas in dataconnect.yaml at `C:\web 2\dataconnect\dataconnect.yaml`
E0621 06:45:12.820946   34680 watch.go:31] Failed to load config from "C:\\web 2\\dataconnect": could not unmarshal dataconnect.yaml at `C:\web 2\dataconnect\dataconnect.yaml`: yaml: unmarshal errors:
  line 5: cannot unmarshal !!seq into config.Schema
E0621 06:45:22.820050   34680 watch.go:31] Failed to load config from "C:\\web 2\\dataconnect": could not unmarshal dataconnect.yaml at `C:\web 2\dataconnect\dataconnect.yaml`: yaml: unmarshal errors:
  line 5: cannot unmarshal !!seq into config.Schema
E0621 06:45:32.818553   34680 watch.go:31] Failed to load config from "C:\\web 2\\dataconnect": could not unmarshal dataconnect.yaml at `C:\web 2\dataconnect\dataconnect.yaml`: yaml: unmarshal errors:
  line 5: cannot unmarshal !!seq into config.Schema
E0621 06:45:42.818584   34680 watch.go:31] Failed to load config from "C:\\web 2\\dataconnect": could not unmarshal dataconnect.yaml at `C:\web 2\dataconnect\dataconnect.yaml`: yaml: unmarshal errors:
  line 5: cannot unmarshal !!seq into config.Schema
E0621 06:45:52.822683   34680 watch.go:31] Failed to load config from "C:\\web 2\\dataconnect": could not unmarshal dataconnect.yaml at `C:\web 2\dataconnect\dataconnect.yaml`: yaml: unmarshal errors:
  line 5: cannot unmarshal !!seq into config.Schema
E0621 06:46:02.818084   34680 watch.go:31] Failed to load config from "C:\\web 2\\dataconnect": could not unmarshal dataconnect.yaml at `C:\web 2\dataconnect\dataconnect.yaml`: yaml: unmarshal errors:
  line 5: cannot unmarshal !!seq into config.Schema
E0621 06:46:12.818671   34680 watch.go:31] Failed to load config from "C:\\web 2\\dataconnect": could not unmarshal dataconnect.yaml at `C:\web 2\dataconnect\dataconnect.yaml`: yaml: unmarshal errors:
  line 5: cannot unmarshal !!seq into config.Schema
E0621 06:46:22.818842   34680 watch.go:31] Failed to load config from "C:\\web 2\\dataconnect": could not unmarshal dataconnect.yaml at `C:\web 2\dataconnect\dataconnect.yaml`: yaml: unmarshal errors:
  line 5: cannot unmarshal !!seq into config.Schema
E0621 06:46:32.817825   34680 watch.go:31] Failed to load config from "C:\\web 2\\dataconnect": could not unmarshal dataconnect.yaml at `C:\web 2\dataconnect\dataconnect.yaml`: yaml: unmarshal errors:
  line 5: cannot unmarshal !!seq into config.Schema
E0621 06:46:42.818517   34680 watch.go:31] Failed to load config from "C:\\web 2\\dataconnect": could not unmarshal dataconnect.yaml at `C:\web 2\dataconnect\dataconnect.yaml`: yaml: unmarshal errors:
  line 5: cannot unmarshal !!seq into config.Schema
E0621 06:46:52.820172   34680 watch.go:31] Failed to load config from "C:\\web 2\\dataconnect": could not unmarshal dataconnect.yaml at `C:\web 2\dataconnect\dataconnect.yaml`: yaml: unmarshal errors:
  line 5: cannot unmarshal !!seq into config.Schema
E0621 06:47:02.819082   34680 watch.go:31] Failed to load config from "C:\\web 2\\dataconnect": could not unmarshal dataconnect.yaml at `C:\web 2\dataconnect\dataconnect.yaml`: yaml: unmarshal errors:
  line 5: cannot unmarshal !!seq into config.Schema
E0621 06:47:12.818537   34680 watch.go:31] Failed to load config from "C:\\web 2\\dataconnect": could not unmarshal dataconnect.yaml at `C:\web 2\dataconnect\dataconnect.yaml`: yaml: unmarshal errors:
  line 5: cannot unmarshal !!seq into config.Schema
E0621 06:47:22.819273   34680 watch.go:31] Failed to load config from "C:\\web 2\\dataconnect": could not unmarshal dataconnect.yaml at `C:\web 2\dataconnect\dataconnect.yaml`: yaml: unmarshal errors:
  line 5: cannot unmarshal !!seq into config.Schema
E0621 06:47:32.819290   34680 watch.go:31] Failed to load config from "C:\\web 2\\dataconnect": could not unmarshal dataconnect.yaml at `C:\web 2\dataconnect\dataconnect.yaml`: yaml: unmarshal errors:
  line 5: cannot unmarshal !!seq into config.Schema
E0621 06:47:42.820703   34680 watch.go:31] Failed to load config from "C:\\web 2\\dataconnect": could not unmarshal dataconnect.yaml at `C:\web 2\dataconnect\dataconnect.yaml`: yaml: unmarshal errors:
  line 5: cannot unmarshal !!seq into config.Schema
E0621 06:47:52.818649   34680 watch.go:31] Failed to load config from "C:\\web 2\\dataconnect": could not unmarshal dataconnect.yaml at `C:\web 2\dataconnect\dataconnect.yaml`: yaml: unmarshal errors:
  line 5: cannot unmarshal !!seq into config.Schema
E0621 06:48:02.818502   34680 watch.go:31] Failed to load config from "C:\\web 2\\dataconnect": could not unmarshal dataconnect.yaml at `C:\web 2\dataconnect\dataconnect.yaml`: yaml: unmarshal errors:
  line 5: cannot unmarshal !!seq into config.Schema
E0621 06:48:12.826486   34680 watch.go:31] Failed to load config from "C:\\web 2\\dataconnect": could not unmarshal dataconnect.yaml at `C:\web 2\dataconnect\dataconnect.yaml`: yaml: unmarshal errors:
  line 5: cannot unmarshal !!seq into config.Schema
E0621 06:48:22.819109   34680 watch.go:31] Failed to load config from "C:\\web 2\\dataconnect": could not unmarshal dataconnect.yaml at `C:\web 2\dataconnect\dataconnect.yaml`: yaml: unmarshal errors:
  line 5: cannot unmarshal !!seq into config.Schema
E0621 06:48:32.818721   34680 watch.go:31] Failed to load config from "C:\\web 2\\dataconnect": could not unmarshal dataconnect.yaml at `C:\web 2\dataconnect\dataconnect.yaml`: yaml: unmarshal errors:
  line 5: cannot unmarshal !!seq into config.Schema
E0621 06:48:42.819539   34680 watch.go:31] Failed to load config from "C:\\web 2\\dataconnect": could not unmarshal dataconnect.yaml at `C:\web 2\dataconnect\dataconnect.yaml`: yaml: unmarshal errors:
  line 5: cannot unmarshal !!seq into config.Schema
E0621 06:48:52.818714   34680 watch.go:31] Failed to load config from "C:\\web 2\\dataconnect": could not unmarshal dataconnect.yaml at `C:\web 2\dataconnect\dataconnect.yaml`: yaml: unmarshal errors:
  line 5: cannot unmarshal !!seq into config.Schema
E0621 06:49:02.818740   34680 watch.go:31] Failed to load config from "C:\\web 2\\dataconnect": could not unmarshal dataconnect.yaml at `C:\web 2\dataconnect\dataconnect.yaml`: yaml: unmarshal errors:
  line 5: cannot unmarshal !!seq into config.Schema
E0621 06:49:12.818893   34680 watch.go:31] Failed to load config from "C:\\web 2\\dataconnect": could not unmarshal dataconnect.yaml at `C:\web 2\dataconnect\dataconnect.yaml`: yaml: unmarshal errors:
  line 5: cannot unmarshal !!seq into config.Schema
I0621 06:49:22.822298   34680 load.go:31] Reloading schema and connectors...
I0621 06:49:23.035838   34680 migrate.go:24] Running migration SQL:
Step 1: CREATE EXTENSION IF NOT EXISTS "uuid-ossp"
Step 2: CREATE TABLE "public"."user" ("id" uuid NOT NULL DEFAULT uuid_generate_v4(), "department" text NOT NULL, "email" text NOT NULL, "full_name" text NOT NULL, "phone" text NULL, "photo_url" text NULL, "role" text NOT NULL, PRIMARY KEY ("id"))
Step 3: CREATE UNIQUE INDEX "user_email_uidx" ON "public"."user" ("email")
Step 4: CREATE TABLE "public"."notification" ("id" uuid NOT NULL DEFAULT uuid_generate_v4(), "user_id" uuid NOT NULL, "created_at" timestamptz NOT NULL, "is_read" boolean NOT NULL, "message" text NOT NULL, "title" text NOT NULL, "type" text NOT NULL, PRIMARY KEY ("id"), CONSTRAINT "notification_user_id_fkey" FOREIGN KEY ("user_id") REFERENCES "public"."user" ("id") ON DELETE CASCADE)
Step 5: CREATE INDEX "notification_userId_idx" ON "public"."notification" ("user_id")
Step 6: CREATE TABLE "public"."production_line" ("id" uuid NOT NULL DEFAULT uuid_generate_v4(), "line_name" text NOT NULL, PRIMARY KEY ("id"))
Step 7: CREATE TABLE "public"."product" ("id" uuid NOT NULL DEFAULT uuid_generate_v4(), "name" text NOT NULL, "unit_type" text NOT NULL, PRIMARY KEY ("id"))
Step 8: CREATE TABLE "public"."work_order" ("po_number" text NOT NULL, "line_id" uuid NOT NULL, "product_id" uuid NOT NULL, "client_name" text NULL, "estimated_finish_time" timestamptz NULL, "produced_quantity" integer NULL, "progress_percentage" double precision NULL, "qc_status" text NULL, "shift" text NOT NULL, "special_notes" text NULL, "status" text NOT NULL, "target_date" date NOT NULL, "target_quantity" integer NOT NULL, PRIMARY KEY ("po_number"), CONSTRAINT "work_order_line_id_fkey" FOREIGN KEY ("line_id") REFERENCES "public"."production_line" ("id") ON DELETE CASCADE, CONSTRAINT "work_order_product_id_fkey" FOREIGN KEY ("product_id") REFERENCES "public"."product" ("id") ON DELETE CASCADE)
Step 9: CREATE INDEX "work_order_lineId_idx" ON "public"."work_order" ("line_id")
Step 10: CREATE INDEX "work_order_productId_idx" ON "public"."work_order" ("product_id")
Step 11: CREATE TABLE "public"."production_result" ("id" uuid NOT NULL DEFAULT uuid_generate_v4(), "work_order_po_number" text NOT NULL, "actual_good_qty" integer NOT NULL, "completion_time" timestamptz NOT NULL, "defect_qty" integer NOT NULL, "qc_notes" text NULL, PRIMARY KEY ("id"), CONSTRAINT "production_result_work_order_po_number_fkey" FOREIGN KEY ("work_order_po_number") REFERENCES "public"."work_order" ("po_number") ON DELETE CASCADE)
Step 12: CREATE INDEX "production_result_workOrderPoNumber_idx" ON "public"."production_result" ("work_order_po_number")
Step 13: CREATE TABLE "public"."support_ticket" ("id" uuid NOT NULL DEFAULT uuid_generate_v4(), "created_by_id" uuid NOT NULL, "category" text NOT NULL, "created_at" timestamptz NOT NULL, "message" text NOT NULL, "status" text NOT NULL, "title" text NOT NULL, PRIMARY KEY ("id"), CONSTRAINT "support_ticket_created_by_id_fkey" FOREIGN KEY ("created_by_id") REFERENCES "public"."user" ("id") ON DELETE CASCADE)
Step 14: CREATE INDEX "support_ticket_createdById_idx" ON "public"."support_ticket" ("created_by_id")
I0621 06:49:23.348007   34680 control.go:94] [/emulator/production-erp-service f5a0] UpdateResources(): done
Main schema: sources: schema\schema.gql [2038B] 
Connector "example": sources: 
I0621 06:49:23.400196   34680 collector.go:107] schema extensions wrote into "C:\\web 2\\dataconnect\\.dataconnect\\schema"
Generated sources: main\implicit.gql [2909B] main\input.gql [65824B] main\relation.gql [31513B] main\query.gql [9082B] main\mutation.gql [24764B] prelude.gql [73219B] 
I0621 06:49:23.400196   34680 load.go:109] Finished reloading
I0621 06:50:32.819632   34680 load.go:31] Reloading schema and connectors...
I0621 06:50:33.089056   34680 control.go:94] [/emulator/production-erp-service 98f2] UpdateResources(): done
Main schema: sources: schema\schema.gql [2038B] 
Connector "default-connector": sources: 
I0621 06:50:33.139248   34680 collector.go:107] schema extensions wrote into "C:\\web 2\\dataconnect\\.dataconnect\\schema"
Generated sources: main\input.gql [65824B] main\relation.gql [31513B] main\query.gql [9082B] prelude.gql [73219B] main\mutation.gql [24764B] main\implicit.gql [2909B] 
I0621 06:50:33.139248   34680 load.go:109] Finished reloading
I0621 07:26:42.821398   34680 load.go:31] Reloading schema and connectors...
E0621 07:26:42.934189   34680 load.go:95] Errors generating SDK: [connector "default-connector"]: invalid Data Connect Connector no query found in connector
I0621 07:26:43.081556   34680 collector.go:107] schema extensions wrote into "C:\\web 2\\dataconnect\\.dataconnect\\schema"
Generated sources: prelude.gql [73219B] main\mutation.gql [24764B] main\implicit.gql [2909B] main\input.gql [65824B] main\relation.gql [31513B] main\query.gql [9082B] 
I0621 07:26:43.083562   34680 load.go:109] Finished reloading
I0621 07:33:02.823759   34680 load.go:31] Reloading schema and connectors...
I0621 07:33:04.029305   34680 control.go:94] [/emulator/production-erp-service b219] UpdateResources(): done
Main schema: sources: schema\schema.gql [2038B] 
Connector "default-connector": sources: example\query.gql [0B] 
I0621 07:33:04.203032   34680 codegen.go:79] [connector "default-connector" javascriptSdk] Generating sources into "C:\\web 2\\app-production\\dataconnect-generated"
I0621 07:33:04.327952   34680 collector.go:107] schema extensions wrote into "C:\\web 2\\dataconnect\\.dataconnect\\schema"
Generated sources: prelude.gql [73219B] main\relation.gql [31513B] main\query.gql [9082B] main\mutation.gql [24764B] main\implicit.gql [2909B] main\input.gql [65824B] 
I0621 07:33:04.553233   34680 collector.go:107] connector "default-connector" javascriptSdk wrote into "C:\\web 2\\app-production\\dataconnect-generated"
Generated sources: package.json [647B] .guides/usage.md [431B] .guides/setup.md [584B] .guides/config.json [236B] esm\package.json [17B] README.md [2789B] index.d.ts [876B] esm\index.esm.js [139B] index.cjs.js [174B] 
I0621 07:33:04.808872   34680 installsdk.go:86] Running command: C:\Program Files\nodejs\npm.cmd install file:dataconnect-generated
E0621 07:34:54.289520   34680 installsdk.go:88] Failed to install package: exit status 1
I0621 07:34:54.290532   34680 load.go:109] Finished reloading
I0621 07:34:54.324809   34680 load.go:31] Reloading schema and connectors...
W0621 07:34:55.263895   34680 control.go:68] [/emulator/production-erp-service 8209] connector "default-connector" has errors: example\query.gql:2:1: Unexpected Name "type"

sources: example\query.gql [2038B] 
I0621 07:34:55.263895   34680 control.go:94] [/emulator/production-erp-service 8209] UpdateResources(): done
Main schema: sources: schema\schema.gql [2038B] 
Connector "default-connector": sources: example\query.gql [2038B] 
E0621 07:34:55.274435   34680 load.go:73] Could not load sources: 
Errors: example\query.gql:2:1: Unexpected Name "type"
I0621 07:34:55.314395   34680 collector.go:107] schema extensions wrote into "C:\\web 2\\dataconnect\\.dataconnect\\schema"
Generated sources: main\query.gql [9082B] main\mutation.gql [24764B] main\implicit.gql [2909B] prelude.gql [73219B] main\input.gql [65824B] main\relation.gql [31513B] 
I0621 07:34:55.314395   34680 load.go:74] Finished reloading
I0621 07:35:32.839752   34680 load.go:31] Reloading schema and connectors...
W0621 07:35:33.066726   34680 control.go:68] [/emulator/production-erp-service 7bfa] connector "default-connector" has errors: example\query.gql:36:5: Cannot query field "actualQuantity" on type "ProductionResult". Did you mean "actualGoodQty"?
example\query.gql:37:5: Cannot query field "defectQuantity" on type "ProductionResult". Did you mean "defectQty" or "defectQty_min"?
example\query.gql:38:5: Cannot query field "productionDate" on type "ProductionResult".
example\query.gql:39:5: Cannot query field "status" on type "ProductionResult".
example\query.gql:40:5: Cannot query field "notes" on type "ProductionResult". Did you mean "qcNotes"?

sources: example\query.gql [549B] 
I0621 07:35:33.066726   34680 control.go:94] [/emulator/production-erp-service 7bfa] UpdateResources(): done
Main schema: sources: schema\schema.gql [2038B] 
Connector "default-connector": sources: example\query.gql [549B] 
E0621 07:35:33.068394   34680 load.go:73] Could not load sources: 
Errors: example\query.gql:36:5: Cannot query field "actualQuantity" on type "ProductionResult". Did you mean "actualGoodQty"?
example\query.gql:37:5: Cannot query field "defectQuantity" on type "ProductionResult". Did you mean "defectQty" or "defectQty_min"?
example\query.gql:38:5: Cannot query field "productionDate" on type "ProductionResult".
example\query.gql:39:5: Cannot query field "status" on type "ProductionResult".
example\query.gql:40:5: Cannot query field "notes" on type "ProductionResult". Did you mean "qcNotes"?
I0621 07:35:33.072132   34680 collector.go:107] schema extensions wrote into "C:\\web 2\\dataconnect\\.dataconnect\\schema"
Generated sources: prelude.gql [73219B] main\implicit.gql [2909B] main\input.gql [65824B] main\relation.gql [31513B] main\query.gql [9082B] main\mutation.gql [24764B] 
I0621 07:35:33.074154   34680 load.go:74] Finished reloading
I0621 07:37:12.820474   34680 load.go:31] Reloading schema and connectors...
I0621 07:37:13.097684   34680 control.go:94] [/emulator/production-erp-service 4a63] UpdateResources(): done
Main schema: sources: schema\schema.gql [2038B] 
Connector "default-connector": sources: example\query.gql [1444B] 
I0621 07:37:13.160180   34680 codegen.go:79] [connector "default-connector" javascriptSdk] Generating sources into "C:\\web 2\\app-production\\dataconnect-generated"
I0621 07:37:13.174787   34680 collector.go:107] schema extensions wrote into "C:\\web 2\\dataconnect\\.dataconnect\\schema"
Generated sources: prelude.gql [73219B] main\relation.gql [31513B] main\query.gql [9082B] main\mutation.gql [24764B] main\implicit.gql [2909B] main\input.gql [65824B] 
I0621 07:37:13.178788   34680 collector.go:107] connector "default-connector" javascriptSdk wrote into "C:\\web 2\\app-production\\dataconnect-generated"
Generated sources: index.d.ts [7041B] esm\index.esm.js [2627B] esm\package.json [17B] package.json [647B] README.md [28670B] .guides/setup.md [584B] .guides/config.json [236B] index.cjs.js [3095B] .guides/usage.md [1137B] 
I0621 07:37:13.189035   34680 installsdk.go:86] Running command: C:\Program Files\nodejs\npm.cmd install file:dataconnect-generated
E0621 07:39:34.581011   34680 installsdk.go:88] Failed to install package: exit status 0xfffff026
I0621 07:39:34.582013   34680 load.go:109] Finished reloading
I0621 08:42:02.841010   34680 load.go:31] Reloading schema and connectors...
I0621 08:42:03.470537   34680 control.go:94] [/emulator/production-erp-service b498] UpdateResources(): done
Main schema: sources: schema\schema.gql [2038B] 
Connector "default-connector": sources: example\query.gql [1438B] 
I0621 08:42:03.548762   34680 codegen.go:79] [connector "default-connector" javascriptSdk] Generating sources into "C:\\web 2\\app-production\\dataconnect-generated"
I0621 08:42:03.567966   34680 collector.go:107] schema extensions wrote into "C:\\web 2\\dataconnect\\.dataconnect\\schema"
Generated sources: main\input.gql [65824B] main\relation.gql [31513B] main\query.gql [9082B] main\mutation.gql [24764B] prelude.gql [73219B] main\implicit.gql [2909B] 
I0621 08:42:03.601550   34680 collector.go:107] connector "default-connector" javascriptSdk wrote into "C:\\web 2\\app-production\\dataconnect-generated"
Generated sources: .guides/setup.md [584B] index.d.ts [7041B] package.json [647B] README.md [28670B] .guides/usage.md [1137B] .guides/config.json [236B] esm\index.esm.js [2627B] esm\package.json [17B] index.cjs.js [3095B] 
I0621 08:42:03.727082   34680 installsdk.go:55] Package @dataconnect/generated is already installed. Skipping installation
I0621 08:42:03.727082   34680 load.go:109] Finished reloading
I0621 08:42:12.840386   34680 load.go:31] Reloading schema and connectors...
I0621 08:42:13.145758   34680 control.go:94] [/emulator/production-erp-service f702] UpdateResources(): done
Main schema: sources: schema\schema.gql [2038B] 
Connector "default-connector": sources: example\query.gql [1436B] 
I0621 08:42:13.219757   34680 codegen.go:79] [connector "default-connector" javascriptSdk] Generating sources into "C:\\web 2\\app-production\\dataconnect-generated"
I0621 08:42:13.233538   34680 collector.go:107] schema extensions wrote into "C:\\web 2\\dataconnect\\.dataconnect\\schema"
Generated sources: prelude.gql [73219B] main\implicit.gql [2909B] main\input.gql [65824B] main\relation.gql [31513B] main\query.gql [9082B] main\mutation.gql [24764B] 
I0621 08:42:13.244301   34680 collector.go:107] connector "default-connector" javascriptSdk wrote into "C:\\web 2\\app-production\\dataconnect-generated"
Generated sources: README.md [28670B] .guides/config.json [236B] esm\package.json [17B] .guides/usage.md [1137B] .guides/setup.md [584B] index.d.ts [7041B] esm\index.esm.js [2627B] index.cjs.js [3095B] package.json [647B] 
I0621 08:42:13.245513   34680 installsdk.go:55] Package @dataconnect/generated is already installed. Skipping installation
I0621 08:42:13.245513   34680 load.go:109] Finished reloading
I0621 08:42:22.850382   34680 load.go:31] Reloading schema and connectors...
I0621 08:42:23.161209   34680 control.go:94] [/emulator/production-erp-service 6566] UpdateResources(): done
Main schema: sources: schema\schema.gql [2038B] 
Connector "default-connector": sources: example\query.gql [1432B] 
I0621 08:42:23.233673   34680 codegen.go:79] [connector "default-connector" javascriptSdk] Generating sources into "C:\\web 2\\app-production\\dataconnect-generated"
I0621 08:42:23.248626   34680 collector.go:107] schema extensions wrote into "C:\\web 2\\dataconnect\\.dataconnect\\schema"
Generated sources: main\query.gql [9082B] main\mutation.gql [24764B] prelude.gql [73219B] main\implicit.gql [2909B] main\input.gql [65824B] main\relation.gql [31513B] 
I0621 08:42:23.253683   34680 collector.go:107] connector "default-connector" javascriptSdk wrote into "C:\\web 2\\app-production\\dataconnect-generated"
Generated sources: README.md [28670B] .guides/usage.md [1137B] index.d.ts [7041B] .guides/setup.md [584B] .guides/config.json [236B] esm\index.esm.js [2627B] esm\package.json [17B] index.cjs.js [3095B] package.json [647B] 
I0621 08:42:23.255083   34680 installsdk.go:55] Package @dataconnect/generated is already installed. Skipping installation
I0621 08:42:23.255083   34680 load.go:109] Finished reloading
I0621 08:42:32.820054   34680 load.go:31] Reloading schema and connectors...
I0621 08:42:33.254761   34680 control.go:94] [/emulator/production-erp-service cdc9] UpdateResources(): done
Main schema: sources: schema\schema.gql [2038B] 
Connector "default-connector": sources: example\query.gql [1430B] 
I0621 08:42:33.328179   34680 codegen.go:79] [connector "default-connector" javascriptSdk] Generating sources into "C:\\web 2\\app-production\\dataconnect-generated"
I0621 08:42:33.345666   34680 collector.go:107] schema extensions wrote into "C:\\web 2\\dataconnect\\.dataconnect\\schema"
Generated sources: main\relation.gql [31513B] main\query.gql [9082B] main\mutation.gql [24764B] prelude.gql [73219B] main\implicit.gql [2909B] main\input.gql [65824B] 
I0621 08:42:33.352678   34680 collector.go:107] connector "default-connector" javascriptSdk wrote into "C:\\web 2\\app-production\\dataconnect-generated"
Generated sources: esm\index.esm.js [2627B] esm\package.json [17B] index.cjs.js [3095B] .guides/usage.md [1137B] .guides/setup.md [584B] .guides/config.json [236B] index.d.ts [7041B] package.json [647B] README.md [28670B] 
I0621 08:42:33.353684   34680 installsdk.go:55] Package @dataconnect/generated is already installed. Skipping installation
I0621 08:42:33.353684   34680 load.go:109] Finished reloading
